[debug] > Exec(;reload; set _root_.org.jetbrains.sbt.StructureKeys.sbtStructureOptions in Global := "download" ;*/*:dumpStructureTo C:/Users/soroc/AppData/Local/Temp/sbt-structure.xml; session clear-all ; set ideaPort in Global := 52179, None, None)
[debug] > Exec(reload, None, None)
[debug] > Exec(sbtStashOnFailure, None, None)
[debug] > Exec(onFailure loadFailed, None, None)
[debug] > Exec(loadp, None, None)
[info] welcome to sbt 1.4.5 (Oracle Corporation Java 15.0.2)
[debug]       Load.loadUnit: plugins took 29.7765ms
[debug]       Load.loadUnit: defsScala took 0.0029ms
[debug] [Loading] Scanning directory C:\Users\soroc\.sbt\1.0\plugins
[debug] [Loading] Found non-root projects 
[debug] [Loading] Done in C:\Users\soroc\.sbt\1.0\plugins, returning: ()
[debug] deducing auto plugins based on known facts Set(Atom(sbt.plugins.CorePlugin)) and clauses Clauses(List(Clause(Atom(sbt.plugins.JvmPlugin),Set(Atom(sbt.plugins.IvyPlugin))), Clause(Atom(sbt.ScriptedPlugin),Set(Atom(sbt.plugins.JvmPlugin))), Clause(Atom(sbt.plugins.SbtPlugin),Set(Atom(sbt.ScriptedPlugin))), Clause(Atom(sbt.plugins.SemanticdbPlugin),Set(Atom(sbt.plugins.JvmPlugin))), Clause(Atom(sbt.plugins.JUnitXmlReportPlugin),Set(Atom(sbt.plugins.JvmPlugin))), Clause(Atom(sbt.plugins.MiniDependencyTreePlugin),Set(Atom(sbt.plugins.JvmPlugin))), Clause(Atom(sbt.plugins.CorePlugin),Set(Atom(sbt.plugins.IvyPlugin))), Clause(Atom(sbt.plugins.IvyPlugin),Set(Atom(sbt.plugins.JvmPlugin))), Clause(Atom(sbt.plugins.JvmPlugin),Set(Atom(sbt.plugins.SemanticdbPlugin))), Clause(Atom(sbt.plugins.JvmPlugin),Set(Atom(sbt.plugins.JUnitXmlReportPlugin))), Clause(Atom(sbt.plugins.CorePlugin),Set(Atom(sbt.plugins.Giter8TemplatePlugin))), Clause(Atom(sbt.plugins.JvmPlugin),Set(Atom(sbt.plugins.MiniDependencyTreePlugin)))))
[debug]   :: deduced result: Matched(sbt.plugins.CorePlugin,sbt.plugins.Giter8TemplatePlugin,sbt.plugins.IvyPlugin,sbt.plugins.JvmPlugin,sbt.plugins.MiniDependencyTreePlugin,sbt.plugins.JUnitXmlReportPlugin,sbt.plugins.SemanticdbPlugin)
[debug] Plugins.deducer#function took 0.8449 ms
[debug]           Load.resolveProject(global-plugins) took 0.7867ms
[debug]         Load.loadTransitive: finalizeProject(Project(id global-plugins, base: C:\Users\soroc\.sbt\1.0\plugins, plugins: List(<none>))) took 1.9381ms
[debug] [Loading] Done in C:\Users\soroc\.sbt\1.0\plugins, returning: (global-plugins)
[debug]       Load.loadUnit: loadedProjectsRaw took 3.3186ms
[debug]       Load.loadUnit: cleanEvalClasses took 0.0068ms
[debug]     Load.loadUnit(file:/C:/Users/soroc/.sbt/1.0/plugins/, ...) took 34.1734ms
[debug]   Load.apply: load took 35.072ms
[debug]   Load.apply: resolveProjects took 0.0572ms
[debug]   Load.apply: finalTransforms took 3.2301ms
[debug]   Load.apply: config.delegates took 0.1951ms
[debug]   Load.apply: Def.make(settings)... took 23.7664ms
[debug]   Load.apply: structureIndex took 11.3548ms
[debug]   Load.apply: mkStreams took 0.0023ms
[info] loading global plugins from C:\Users\soroc\.sbt\1.0\plugins
[debug] Running task... Cancel: Signal, check cycles: false, forcegc: true
[debug] Forcing garbage collection...
[debug] Load.defaultLoad until apply took 378.7097ms
[debug]           Load.loadUnit: plugins took 14.2522ms
[debug]           Load.loadUnit: defsScala took 0.0026ms
[debug] [Loading] Scanning directory C:\Users\soroc\Documents\Akka-wordspace\untitled\project
[debug]             Load.loadUnit: mkEval took 0.1729ms
[debug] [Loading] Found non-root projects 
[debug] [Loading] Done in C:\Users\soroc\Documents\Akka-wordspace\untitled\project, returning: ()
[debug] deducing auto plugins based on known facts Set(Atom(sbt.plugins.CorePlugin)) and clauses Clauses(List(Clause(Atom(sbt.plugins.JvmPlugin),Set(Atom(sbt.plugins.IvyPlugin))), Clause(Atom(sbt.ScriptedPlugin),Set(Atom(sbt.plugins.JvmPlugin))), Clause(Atom(sbt.plugins.SbtPlugin),Set(Atom(sbt.ScriptedPlugin))), Clause(Atom(sbt.plugins.SemanticdbPlugin),Set(Atom(sbt.plugins.JvmPlugin))), Clause(Atom(sbt.plugins.JUnitXmlReportPlugin),Set(Atom(sbt.plugins.JvmPlugin))), Clause(Atom(sbt.plugins.MiniDependencyTreePlugin),Set(Atom(sbt.plugins.JvmPlugin))), Clause(Atom(sbt.plugins.CorePlugin),Set(Atom(sbt.plugins.IvyPlugin))), Clause(Atom(sbt.plugins.IvyPlugin),Set(Atom(sbt.plugins.JvmPlugin))), Clause(Atom(sbt.plugins.JvmPlugin),Set(Atom(sbt.plugins.SemanticdbPlugin))), Clause(Atom(sbt.plugins.JvmPlugin),Set(Atom(sbt.plugins.JUnitXmlReportPlugin))), Clause(Atom(sbt.plugins.CorePlugin),Set(Atom(sbt.plugins.Giter8TemplatePlugin))), Clause(Atom(sbt.plugins.JvmPlugin),Set(Atom(sbt.plugins.MiniDependencyTreePlugin)))))
[debug]   :: deduced result: Matched(sbt.plugins.CorePlugin,sbt.plugins.Giter8TemplatePlugin,sbt.plugins.IvyPlugin,sbt.plugins.JvmPlugin,sbt.plugins.MiniDependencyTreePlugin,sbt.plugins.JUnitXmlReportPlugin,sbt.plugins.SemanticdbPlugin)
[debug] Plugins.deducer#function took 0.7735 ms
[info] loading settings for project untitled-build from idea.sbt ...
[debug]               Load.resolveProject(untitled-build) took 5.4244ms
[debug]             Load.loadTransitive: finalizeProject(Project(id untitled-build, base: C:\Users\soroc\Documents\Akka-wordspace\untitled\project, plugins: List(<none>))) took 6.5012ms
[debug] [Loading] Done in C:\Users\soroc\Documents\Akka-wordspace\untitled\project, returning: (untitled-build)
[debug]           Load.loadUnit: loadedProjectsRaw took 17.6879ms
[debug]           Load.loadUnit: cleanEvalClasses took 2.598ms
[debug]         Load.loadUnit(file:/C:/Users/soroc/Documents/Akka-wordspace/untitled/project/, ...) took 35.041ms
[debug]       Load.apply: load took 35.8899ms
[debug]       Load.apply: resolveProjects took 0.0671ms
[debug]       Load.apply: finalTransforms took 3.2926ms
[debug]       Load.apply: config.delegates took 0.1406ms
[debug]       Load.apply: Def.make(settings)... took 20.3837ms
[debug]       Load.apply: structureIndex took 9.2816ms
[debug]       Load.apply: mkStreams took 0.011ms
[info] loading project definition from C:\Users\soroc\Documents\Akka-wordspace\untitled\project
[debug] Running task... Cancel: Signal, check cycles: false, forcegc: true
[debug]     Load.loadUnit: plugins took 153.5327ms
[debug]     Load.loadUnit: defsScala took 0.0035ms
[debug] [Loading] Scanning directory C:\Users\soroc\Documents\Akka-wordspace\untitled
[debug]       Load.loadUnit: mkEval took 0.2305ms
[debug] [Loading] Found non-root projects 
[debug] [Loading] Done in C:\Users\soroc\Documents\Akka-wordspace\untitled, returning: ()
[debug] deducing auto plugins based on known facts Set(Atom(sbt.plugins.CorePlugin)) and clauses Clauses(List(Clause(Atom(sbt.plugins.JvmPlugin),Set(Atom(sbt.plugins.IvyPlugin))), Clause(Atom(sbt.ScriptedPlugin),Set(Atom(sbt.plugins.JvmPlugin))), Clause(Atom(sbt.plugins.SbtPlugin),Set(Atom(sbt.ScriptedPlugin))), Clause(Atom(sbt.plugins.SemanticdbPlugin),Set(Atom(sbt.plugins.JvmPlugin))), Clause(Atom(sbt.plugins.JUnitXmlReportPlugin),Set(Atom(sbt.plugins.JvmPlugin))), Clause(Atom(sbt.plugins.MiniDependencyTreePlugin),Set(Atom(sbt.plugins.JvmPlugin))), Clause(Atom(org.jetbrains.sbt.StructurePlugin),Set(Atom(sbt.plugins.JvmPlugin))), Clause(Atom(org.jetbrains.sbt.IdeaShellPlugin),Set(Atom(sbt.plugins.JvmPlugin))), Clause(Atom(org.jetbrains.sbt.indices.SbtIntellijIndicesPlugin),Set(Atom(sbt.plugins.JvmPlugin))), Clause(Atom(sbt.plugins.CorePlugin),Set(Atom(sbt.plugins.IvyPlugin))), Clause(Atom(sbt.plugins.IvyPlugin),Set(Atom(sbt.plugins.JvmPlugin))), Clause(Atom(sbt.plugins.JvmPlugin),Set(Atom(sbt.plugins.SemanticdbPlugin))), Clause(Atom(sbt.plugins.JvmPlugin),Set(Atom(sbt.plugins.JUnitXmlReportPlugin))), Clause(Atom(sbt.plugins.CorePlugin),Set(Atom(sbt.plugins.Giter8TemplatePlugin))), Clause(Atom(sbt.plugins.JvmPlugin),Set(Atom(sbt.plugins.MiniDependencyTreePlugin))), Clause(Atom(sbt.plugins.JvmPlugin),Set(Atom(org.jetbrains.sbt.StructurePlugin))), Clause(Atom(sbt.plugins.JvmPlugin),Set(Atom(org.jetbrains.sbt.IdeaShellPlugin))), Clause(And(Set(Atom(sbt.plugins.CorePlugin), Atom(sbt.plugins.JvmPlugin))),Set(Atom(org.jetbrains.sbt.indices.SbtIntellijIndicesPlugin)))))
[debug]   :: deduced result: Matched(sbt.plugins.CorePlugin,sbt.plugins.Giter8TemplatePlugin,sbt.plugins.IvyPlugin,sbt.plugins.JvmPlugin,sbt.plugins.SemanticdbPlugin,org.jetbrains.sbt.indices.SbtIntellijIndicesPlugin,sbt.plugins.JUnitXmlReportPlugin,org.jetbrains.sbt.IdeaShellPlugin,org.jetbrains.sbt.StructurePlugin,sbt.plugins.MiniDependencyTreePlugin)
[debug] Plugins.deducer#function took 1.2279 ms
[info] loading settings for project untitled from build.sbt ...
[debug]         Load.resolveProject(untitled) took 20.6117ms
[debug]       Load.loadTransitive: finalizeProject(Project(id untitled, base: C:\Users\soroc\Documents\Akka-wordspace\untitled, plugins: List(<none>))) took 22.2913ms
[debug] [Loading] Done in C:\Users\soroc\Documents\Akka-wordspace\untitled, returning: (untitled)
[debug]     Load.loadUnit: loadedProjectsRaw took 411.272ms
[debug]     Load.loadUnit: cleanEvalClasses took 18.2757ms
[debug]   Load.loadUnit(file:/C:/Users/soroc/Documents/Akka-wordspace/untitled/, ...) took 583.6546ms
[debug] Load.apply: load took 584.799ms
[debug] Load.apply: resolveProjects took 0.0944ms
[debug] Load.apply: finalTransforms took 12.1036ms
[debug] Load.apply: config.delegates took 0.1926ms
[debug] Load.apply: Def.make(settings)... took 29.7703ms
[debug] Load.apply: structureIndex took 13.9984ms
[debug] Load.apply: mkStreams took 0.003ms
[warn] Discarding 1 session setting.  Use 'session save' to persist session settings.
[info] set current project to untitled (in build file:/C:/Users/soroc/Documents/Akka-wordspace/untitled/)
[debug] > Exec(sbtPopOnFailure, None, None)
[debug] > Exec(resumeFromFailure, None, None)
[debug] > Exec(set _root_.org.jetbrains.sbt.StructureKeys.sbtStructureOptions in Global := "download", None, None)
[info] Defining Global / sbtStructureOptions
[info] The new value will be used by Global / ssOptions
[debug] Defining 
[debug] 	Global / sbtStructureOptions
[debug] 
[debug] The new value will be used by 
[debug] 	Global / ssOptions
[info] Reapplying settings...
[info] set current project to untitled (in build file:/C:/Users/soroc/Documents/Akka-wordspace/untitled/)
[debug] > Exec(*/*:dumpStructureTo C:/Users/soroc/AppData/Local/Temp/sbt-structure.xml, None, None)
[debug] Evaluating tasks: Global / dumpStructureTo
[debug] Running task... Cancel: Signal, check cycles: false, forcegc: true
[info] Writing structure to C:\Users\soroc\AppData\Local\Temp\sbt-structure.xml...
[info] Done.
[success] Total time: 3 s, completed 2021/06/14 23:03:11
[debug] > Exec(session clear-all, None, None)
[info] Reapplying settings...
[info] set current project to untitled (in build file:/C:/Users/soroc/Documents/Akka-wordspace/untitled/)
[debug] > Exec(set ideaPort in Global := 52179, None, None)
[info] Defining Global / ideaPort
[info] The new value will be used by Compile / compile, Test / compile
[debug] Defining 
[debug] 	Global / ideaPort
[debug] 
[debug] The new value will be used by 
[debug] 	Compile / compile
[debug] 	Test / compile
[info] Reapplying settings...
[info] set current project to untitled (in build file:/C:/Users/soroc/Documents/Akka-wordspace/untitled/)
[debug] > Exec(idea-shell, None, None)
[debug] > Exec(, None, None)
[debug] > Exec(idea-shell, None, None)
