[debug] > Exec(early(addDefaultCommands), None, None)
[debug] > Exec(addDefaultCommands, None, None)
[debug] > Exec(early(initialize), None, None)
[debug] > Exec(initialize, None, None)
[debug] > Exec(early(addPluginSbtFile="""C:\Users\soroc\AppData\Local\Temp\idea.sbt"""), None, None)
[debug] > Exec(addPluginSbtFile="""C:\Users\soroc\AppData\Local\Temp\idea.sbt""", None, None)
[debug] > Exec(boot, None, None)
[debug] > Exec(writeSbtVersion, None, None)
[debug] > Exec(reload, None, None)
[debug] > Exec(sbtStashOnFailure, None, None)
[debug] > Exec(onFailure loadFailed, None, None)
[debug] > Exec(loadp, None, None)
[info] welcome to sbt 1.4.5 (Oracle Corporation Java 15.0.2)
[debug]       Load.loadUnit: plugins took 98.123ms
[debug]       Load.loadUnit: defsScala took 0.2279ms
[debug] [Loading] Scanning directory C:\Users\soroc\.sbt\1.0\plugins
[debug] [Loading] Found non-root projects 
[debug] [Loading] Done in C:\Users\soroc\.sbt\1.0\plugins, returning: ()
[debug] deducing auto plugins based on known facts Set(Atom(sbt.plugins.CorePlugin)) and clauses Clauses(List(Clause(Atom(sbt.plugins.JvmPlugin),Set(Atom(sbt.plugins.IvyPlugin))), Clause(Atom(sbt.ScriptedPlugin),Set(Atom(sbt.plugins.JvmPlugin))), Clause(Atom(sbt.plugins.SbtPlugin),Set(Atom(sbt.ScriptedPlugin))), Clause(Atom(sbt.plugins.SemanticdbPlugin),Set(Atom(sbt.plugins.JvmPlugin))), Clause(Atom(sbt.plugins.JUnitXmlReportPlugin),Set(Atom(sbt.plugins.JvmPlugin))), Clause(Atom(sbt.plugins.MiniDependencyTreePlugin),Set(Atom(sbt.plugins.JvmPlugin))), Clause(Atom(sbt.plugins.CorePlugin),Set(Atom(sbt.plugins.IvyPlugin))), Clause(Atom(sbt.plugins.IvyPlugin),Set(Atom(sbt.plugins.JvmPlugin))), Clause(Atom(sbt.plugins.JvmPlugin),Set(Atom(sbt.plugins.SemanticdbPlugin))), Clause(Atom(sbt.plugins.JvmPlugin),Set(Atom(sbt.plugins.JUnitXmlReportPlugin))), Clause(Atom(sbt.plugins.CorePlugin),Set(Atom(sbt.plugins.Giter8TemplatePlugin))), Clause(Atom(sbt.plugins.JvmPlugin),Set(Atom(sbt.plugins.MiniDependencyTreePlugin)))))
[debug]   :: deduced result: Matched(sbt.plugins.CorePlugin,sbt.plugins.Giter8TemplatePlugin,sbt.plugins.IvyPlugin,sbt.plugins.JvmPlugin,sbt.plugins.MiniDependencyTreePlugin,sbt.plugins.JUnitXmlReportPlugin,sbt.plugins.SemanticdbPlugin)
[debug] Plugins.deducer#function took 16.4539 ms
[debug]           Load.resolveProject(global-plugins) took 88.8727ms
[debug]         Load.loadTransitive: finalizeProject(Project(id global-plugins, base: C:\Users\soroc\.sbt\1.0\plugins, plugins: List(<none>))) took 122.7679ms
[debug] [Loading] Done in C:\Users\soroc\.sbt\1.0\plugins, returning: (global-plugins)
[debug]       Load.loadUnit: loadedProjectsRaw took 138.3417ms
[debug]       Load.loadUnit: cleanEvalClasses took 0.3106ms
[debug]     Load.loadUnit(file:/C:/Users/soroc/.sbt/1.0/plugins/, ...) took 244.1027ms
[debug]   Load.apply: load took 560.7687ms
[debug]   Load.apply: resolveProjects took 3.6285ms
[debug]   Load.apply: finalTransforms took 84.9061ms
[debug]   Load.apply: config.delegates took 7.8962ms
[debug]   Load.apply: Def.make(settings)... took 2461.6971ms
[debug]   Load.apply: structureIndex took 84.6429ms
[debug]   Load.apply: mkStreams took 1.4251ms
[info] loading global plugins from C:\Users\soroc\.sbt\1.0\plugins
[debug] Running task... Cancel: Signal, check cycles: false, forcegc: true
[debug] Load.defaultLoad until apply took 7444.3619ms
[debug]           Load.loadUnit: plugins took 19.3387ms
[debug]           Load.loadUnit: defsScala took 0.003ms
[debug] [Loading] Scanning directory C:\Users\soroc\Documents\Akka-wordspace\untitled\project
[debug]             Load.loadUnit: mkEval took 4.2246ms
[debug] [Loading] Found non-root projects 
[debug] [Loading] Done in C:\Users\soroc\Documents\Akka-wordspace\untitled\project, returning: ()
[debug] deducing auto plugins based on known facts Set(Atom(sbt.plugins.CorePlugin)) and clauses Clauses(List(Clause(Atom(sbt.plugins.JvmPlugin),Set(Atom(sbt.plugins.IvyPlugin))), Clause(Atom(sbt.ScriptedPlugin),Set(Atom(sbt.plugins.JvmPlugin))), Clause(Atom(sbt.plugins.SbtPlugin),Set(Atom(sbt.ScriptedPlugin))), Clause(Atom(sbt.plugins.SemanticdbPlugin),Set(Atom(sbt.plugins.JvmPlugin))), Clause(Atom(sbt.plugins.JUnitXmlReportPlugin),Set(Atom(sbt.plugins.JvmPlugin))), Clause(Atom(sbt.plugins.MiniDependencyTreePlugin),Set(Atom(sbt.plugins.JvmPlugin))), Clause(Atom(sbt.plugins.CorePlugin),Set(Atom(sbt.plugins.IvyPlugin))), Clause(Atom(sbt.plugins.IvyPlugin),Set(Atom(sbt.plugins.JvmPlugin))), Clause(Atom(sbt.plugins.JvmPlugin),Set(Atom(sbt.plugins.SemanticdbPlugin))), Clause(Atom(sbt.plugins.JvmPlugin),Set(Atom(sbt.plugins.JUnitXmlReportPlugin))), Clause(Atom(sbt.plugins.CorePlugin),Set(Atom(sbt.plugins.Giter8TemplatePlugin))), Clause(Atom(sbt.plugins.JvmPlugin),Set(Atom(sbt.plugins.MiniDependencyTreePlugin)))))
[debug]   :: deduced result: Matched(sbt.plugins.CorePlugin,sbt.plugins.Giter8TemplatePlugin,sbt.plugins.IvyPlugin,sbt.plugins.JvmPlugin,sbt.plugins.MiniDependencyTreePlugin,sbt.plugins.JUnitXmlReportPlugin,sbt.plugins.SemanticdbPlugin)
[debug] Plugins.deducer#function took 1.3524 ms
[info] loading settings for project untitled-build from idea.sbt ...
[debug]               Load.resolveProject(untitled-build) took 2.23ms
[debug]             Load.loadTransitive: finalizeProject(Project(id untitled-build, base: C:\Users\soroc\Documents\Akka-wordspace\untitled\project, plugins: List(<none>))) took 4.0091ms
[debug] [Loading] Done in C:\Users\soroc\Documents\Akka-wordspace\untitled\project, returning: (untitled-build)
[debug]           Load.loadUnit: loadedProjectsRaw took 167.431ms
[debug]           Load.loadUnit: cleanEvalClasses took 4.2276ms
[debug]         Load.loadUnit(file:/C:/Users/soroc/Documents/Akka-wordspace/untitled/project/, ...) took 191.7743ms
[debug]       Load.apply: load took 193.0085ms
[debug]       Load.apply: resolveProjects took 0.0813ms
[debug]       Load.apply: finalTransforms took 7.318ms
[debug]       Load.apply: config.delegates took 0.3282ms
[debug]       Load.apply: Def.make(settings)... took 69.0669ms
[debug]       Load.apply: structureIndex took 29.4512ms
[debug]       Load.apply: mkStreams took 0.0024ms
[info] loading project definition from C:\Users\soroc\Documents\Akka-wordspace\untitled\project
[debug] Running task... Cancel: Signal, check cycles: false, forcegc: true
[debug]     Load.loadUnit: plugins took 907.9068ms
[debug]     Load.loadUnit: defsScala took 0.0022ms
[debug] [Loading] Scanning directory C:\Users\soroc\Documents\Akka-wordspace\untitled
[debug]       Load.loadUnit: mkEval took 0.2753ms
[debug] [Loading] Found non-root projects 
[debug] [Loading] Done in C:\Users\soroc\Documents\Akka-wordspace\untitled, returning: ()
[debug] deducing auto plugins based on known facts Set(Atom(sbt.plugins.CorePlugin)) and clauses Clauses(List(Clause(Atom(sbt.plugins.JvmPlugin),Set(Atom(sbt.plugins.IvyPlugin))), Clause(Atom(sbt.ScriptedPlugin),Set(Atom(sbt.plugins.JvmPlugin))), Clause(Atom(sbt.plugins.SbtPlugin),Set(Atom(sbt.ScriptedPlugin))), Clause(Atom(sbt.plugins.SemanticdbPlugin),Set(Atom(sbt.plugins.JvmPlugin))), Clause(Atom(sbt.plugins.JUnitXmlReportPlugin),Set(Atom(sbt.plugins.JvmPlugin))), Clause(Atom(sbt.plugins.MiniDependencyTreePlugin),Set(Atom(sbt.plugins.JvmPlugin))), Clause(Atom(org.jetbrains.sbt.StructurePlugin),Set(Atom(sbt.plugins.JvmPlugin))), Clause(Atom(org.jetbrains.sbt.IdeaShellPlugin),Set(Atom(sbt.plugins.JvmPlugin))), Clause(Atom(org.jetbrains.sbt.indices.SbtIntellijIndicesPlugin),Set(Atom(sbt.plugins.JvmPlugin))), Clause(Atom(sbt.plugins.CorePlugin),Set(Atom(sbt.plugins.IvyPlugin))), Clause(Atom(sbt.plugins.IvyPlugin),Set(Atom(sbt.plugins.JvmPlugin))), Clause(Atom(sbt.plugins.JvmPlugin),Set(Atom(sbt.plugins.SemanticdbPlugin))), Clause(Atom(sbt.plugins.JvmPlugin),Set(Atom(sbt.plugins.JUnitXmlReportPlugin))), Clause(Atom(sbt.plugins.CorePlugin),Set(Atom(sbt.plugins.Giter8TemplatePlugin))), Clause(Atom(sbt.plugins.JvmPlugin),Set(Atom(sbt.plugins.MiniDependencyTreePlugin))), Clause(Atom(sbt.plugins.JvmPlugin),Set(Atom(org.jetbrains.sbt.StructurePlugin))), Clause(Atom(sbt.plugins.JvmPlugin),Set(Atom(org.jetbrains.sbt.IdeaShellPlugin))), Clause(And(Set(Atom(sbt.plugins.CorePlugin), Atom(sbt.plugins.JvmPlugin))),Set(Atom(org.jetbrains.sbt.indices.SbtIntellijIndicesPlugin)))))
[debug]   :: deduced result: Matched(sbt.plugins.CorePlugin,sbt.plugins.Giter8TemplatePlugin,sbt.plugins.IvyPlugin,sbt.plugins.JvmPlugin,sbt.plugins.SemanticdbPlugin,org.jetbrains.sbt.indices.SbtIntellijIndicesPlugin,sbt.plugins.JUnitXmlReportPlugin,org.jetbrains.sbt.IdeaShellPlugin,org.jetbrains.sbt.StructurePlugin,sbt.plugins.MiniDependencyTreePlugin)
[debug] Plugins.deducer#function took 1.9426 ms
[info] loading settings for project untitled from build.sbt ...
[debug]         Load.resolveProject(untitled) took 20.7584ms
[debug]       Load.loadTransitive: finalizeProject(Project(id untitled, base: C:\Users\soroc\Documents\Akka-wordspace\untitled, plugins: List(<none>))) took 23.6116ms
[debug] [Loading] Done in C:\Users\soroc\Documents\Akka-wordspace\untitled, returning: (untitled)
[debug]     Load.loadUnit: loadedProjectsRaw took 93.5009ms
[debug]     Load.loadUnit: cleanEvalClasses took 18.0899ms
[debug]   Load.loadUnit(file:/C:/Users/soroc/Documents/Akka-wordspace/untitled/, ...) took 1020.325ms
[debug] Load.apply: load took 1022.0613ms
[debug] Load.apply: resolveProjects took 0.1357ms
[debug] Load.apply: finalTransforms took 21.6481ms
[debug] Load.apply: config.delegates took 0.4235ms
[debug] Load.apply: Def.make(settings)... took 64.7561ms
[debug] Load.apply: structureIndex took 28.2688ms
[debug] Load.apply: mkStreams took 0.0021ms
[info] set current project to untitled (in build file:/C:/Users/soroc/Documents/Akka-wordspace/untitled/)
[debug] > Exec(sbtPopOnFailure, None, None)
[debug] > Exec(resumeFromFailure, None, None)
[debug] > Exec(notifyUsersAboutShell, None, None)
[debug] > Exec(iflast shell, None, None)
[debug] > Exec(; set ideaPort in Global := 57737 ; idea-shell, None, None)
[debug] > Exec(set ideaPort in Global := 57737, None, None)
[info] Defining Global / ideaPort
[info] The new value will be used by Compile / compile, Test / compile
[debug] Defining 
[debug] 	Global / ideaPort
[debug] 
[debug] The new value will be used by 
[debug] 	Compile / compile
[debug] 	Test / compile
[info] Reapplying settings...
[info] set current project to untitled (in build file:/C:/Users/soroc/Documents/Akka-wordspace/untitled/)
[debug] > Exec(idea-shell, None, None)
